<?xml version="1.0" encoding="UTF-8"?>
<!-- Generated by org.testng.reporters.JUnitXMLReporter -->
<testsuite ignored="0" hostname="DESKTOP-7PTRHU1" failures="0" tests="12" name="Test" time="19.071" errors="0" timestamp="2022-04-26T16:06:16 IST">
  <testcase classname="project_name.tests.LoginTest" name="verifyLoginFailureWithInvalidPassword" time="0.009"/>
  <testcase classname="project_name.tests.LoginTest" name="verifyLoginFailureWithNullValuesInCredentials" time="0.001"/>
  <testcase classname="project_name.tests.LoginTest" name="verifyLoginFailuresWithInvalidUsername" time="0.001"/>
  <testcase classname="project_name.tests.LoginTest" name="verifyLoginSuccessWithValidCredentials" time="0.001"/>
  <testcase classname="project_name.tests.SearchBarTest" name="verifyLoginFailureWithInvalidPassword" time="0.003"/>
  <testcase classname="project_name.tests.SearchBarTest" name="verifyLoginFailureWithNullValuesInCredentials" time="0.002"/>
  <testcase classname="project_name.tests.SearchBarTest" name="verifyLoginFailuresWithInvalidUsername" time="0.001"/>
  <testcase classname="project_name.tests.SearchBarTest" name="verifyLoginSuccessWithValidCredentials" time="0.001"/>
  <testcase classname="project_name.tests.SearchResultsTest" name="verifyLoginFailureWithInvalidPassword" time="0.0"/>
  <testcase classname="project_name.tests.SearchResultsTest" name="verifyLoginFailureWithNullValuesInCredentials" time="0.002"/>
  <testcase classname="project_name.tests.SearchResultsTest" name="verifyLoginFailuresWithInvalidUsername" time="0.002"/>
  <testcase classname="project_name.tests.SearchResultsTest" name="verifyLoginSuccessWithValidCredentials" time="0.001"/>
</testsuite> <!-- Test -->
