<?xml version="1.0" encoding="UTF-8"?>
<!-- Generated by org.testng.reporters.JUnitXMLReporter -->
<testsuite ignored="3" hostname="DESKTOP-7PTRHU1" failures="0" tests="2" name="Default test" time="7.234" errors="0" timestamp="2022-04-26T16:25:13 IST">
  <testcase classname="project_name.pages.SearchBarPage" name="verifyLoginSuccessWithValidCredentials" time="0.015"/>
  <testcase classname="project_name.pages.SearchBarPage" name="verifyLoginSuccessWithValidCredentials" time="0.004"/>
  <testcase classname="project_name.pages.SearchBarPage" name="verifyLoginFailuresWithInvalidUsername" time="0.0">
    <ignored/>
  </testcase> <!-- verifyLoginFailuresWithInvalidUsername -->
  <testcase classname="project_name.pages.SearchBarPage" name="verifyLoginFailureWithNullValuesInCredentials" time="0.0">
    <ignored/>
  </testcase> <!-- verifyLoginFailureWithNullValuesInCredentials -->
  <testcase classname="project_name.pages.SearchBarPage" name="verifyLoginFailureWithInvalidPassword" time="0.0">
    <ignored/>
  </testcase> <!-- verifyLoginFailureWithInvalidPassword -->
</testsuite> <!-- Default test -->
